<?xml version="1.0" encoding="UTF-8"?>
<!-- Generated by org.testng.reporters.JUnitXMLReporter -->
<testsuite hostname="DESKTOP-4OGRH8L" ignored="0" name="Test" tests="6" failures="0" timestamp="01 四月 2019 07:02:58 GMT" time="106.436" errors="0">
  <testcase name="getLoginHome" time="15.371" classname="com.volley.yinhe.testCase.CheckBuyCourse"/>
  <testcase name="testLogin" time="3.41" classname="com.volley.yinhe.testCase.CheckBuyCourse"/>
  <testcase name="addCart" time="44.351" classname="com.volley.yinhe.testCase.CheckBuyCourse"/>
  <testcase name="goToCheck" time="12.682" classname="com.volley.yinhe.testCase.CheckBuyCourse"/>
  <testcase name="submitOrder" time="5.377" classname="com.volley.yinhe.testCase.CheckBuyCourse"/>
  <testcase name="payOrder" time="2.661" classname="com.volley.yinhe.testCase.CheckBuyCourse"/>
</testsuite> <!-- Test -->
